<?xml version="1.0" encoding="UTF-8"?>
<!-- Generated by org.testng.reporters.JUnitXMLReporter -->
<testsuite hostname="DESKTOP-23AEDGJ" ignored="0" name="Default test" tests="6" failures="0" timestamp="2019-12-02T12:48:46 IST" time="105.272" errors="0">
  <testcase name="verifyFirstProject" time="2.222" classname="com.store.qa.testcases.SearchPageTest"/>
  <testcase name="verifyFirstProjectPreview" time="1.448" classname="com.store.qa.testcases.SearchPageTest"/>
  <testcase name="verifyProjectNotFound" time="1.156" classname="com.store.qa.testcases.SearchPageTest"/>
  <testcase name="verifySearchBar" time="0.904" classname="com.store.qa.testcases.SearchPageTest"/>
  <testcase name="verifySearchBarResult" time="0.528" classname="com.store.qa.testcases.SearchPageTest"/>
  <testcase name="zuruLogoTest" time="0.312" classname="com.store.qa.testcases.SearchPageTest"/>
</testsuite> <!-- Default test -->
