<?xml version="1.0" encoding="UTF-8"?>
<!-- Generated by org.testng.reporters.JUnitXMLReporter -->
<testsuite hostname="DESKTOP-23AEDGJ" ignored="0" name="Test" tests="5" failures="0" timestamp="2019-12-20T14:53:34 IST" time="70.481" errors="0">
  <testcase name="loginPageTitleTest" time="0.007" classname="com.store.qa.testcases.LoginPageTest"/>
  <testcase name="loginTest" time="1.662" classname="com.store.qa.testcases.LoginPageTest"/>
  <testcase name="navigateToHomePage" time="0.706" classname="com.store.qa.testcases.ProjectPageTest"/>
  <testcase name="zuruLogoTest" time="1.358" classname="com.store.qa.testcases.HomePageTest"/>
  <testcase name="verifyFirstProject" time="2.338" classname="com.store.qa.testcases.SearchPageTest"/>
</testsuite> <!-- Test -->
