<?xml version="1.0" encoding="UTF-8"?>
<!-- Generated by org.testng.reporters.JUnitXMLReporter -->
<testsuite hostname="DESKTOP-23AEDGJ" ignored="0" name="Test" tests="10" failures="0" timestamp="2019-12-02T12:51:40 IST" time="161.348" errors="0">
  <testcase name="loginPageTitleTest" time="0.009" classname="com.store.qa.testcases.LoginPageTest"/>
  <testcase name="loginTest" time="2.379" classname="com.store.qa.testcases.LoginPageTest"/>
  <testcase name="navigateToHomePage" time="0.291" classname="com.store.qa.testcases.ProjectPageTest"/>
  <testcase name="zuruLogoTest" time="1.373" classname="com.store.qa.testcases.HomePageTest"/>
  <testcase name="verifyFirstProject" time="2.219" classname="com.store.qa.testcases.SearchPageTest"/>
  <testcase name="verifyFirstProjectPreview" time="1.445" classname="com.store.qa.testcases.SearchPageTest"/>
  <testcase name="verifyProjectNotFound" time="1.152" classname="com.store.qa.testcases.SearchPageTest"/>
  <testcase name="verifySearchBar" time="0.871" classname="com.store.qa.testcases.SearchPageTest"/>
  <testcase name="verifySearchBarResult" time="0.42" classname="com.store.qa.testcases.SearchPageTest"/>
  <testcase name="zuruLogoTest" time="0.05" classname="com.store.qa.testcases.SearchPageTest"/>
</testsuite> <!-- Test -->
