<?xml version="1.0" encoding="UTF-8"?>
<testng-results skipped="0" failed="0" ignored="0" total="1" passed="1">
  <reporter-output>
  </reporter-output>
  <suite name="Default suite" duration-ms="10324" started-at="2019-11-28T16:03:25 IST" finished-at="2019-11-28T16:03:35 IST">
    <groups>
    </groups>
    <test name="Default test" duration-ms="10324" started-at="2019-11-28T16:03:25 IST" finished-at="2019-11-28T16:03:35 IST">
      <class name="com.store.qa.testcases.HomePageTest">
        <test-method status="PASS" signature="setUp()[pri:0, instance:com.store.qa.testcases.HomePageTest@2a17b7b6]" name="setUp" is-config="true" duration-ms="6013" started-at="2019-11-28T16:03:25 IST" finished-at="2019-11-28T16:03:31 IST">
          <reporter-output>
          </reporter-output>
        </test-method> <!-- setUp -->
        <test-method status="PASS" signature="HomePageTitileTest()[pri:1, instance:com.store.qa.testcases.HomePageTest@2a17b7b6]" name="HomePageTitileTest" duration-ms="3656" started-at="2019-11-28T16:03:31 IST" finished-at="2019-11-28T16:03:35 IST">
          <reporter-output>
          </reporter-output>
        </test-method> <!-- HomePageTitileTest -->
        <test-method status="PASS" signature="tearDown()[pri:0, instance:com.store.qa.testcases.HomePageTest@2a17b7b6]" name="tearDown" is-config="true" duration-ms="633" started-at="2019-11-28T16:03:35 IST" finished-at="2019-11-28T16:03:35 IST">
          <reporter-output>
          </reporter-output>
        </test-method> <!-- tearDown -->
      </class> <!-- com.store.qa.testcases.HomePageTest -->
    </test> <!-- Default test -->
  </suite> <!-- Default suite -->
</testng-results>
